<?xml version="1.0" encoding="UTF-8"?>
<testsuite failures="0" skip="0" tests="1" name="Demo Framework" errors="0">
<testcase classname="Demo Framework" name="Demo testcase for automation framework" time="13">
</testcase>
</testsuite>
